info: Worker 20592 has started at port 3000 {"timestamp":"2020-07-19T07:49:05.889Z"}
info: Worker 21868 has started at port 3000 {"timestamp":"2020-07-19T07:49:52.144Z"}
info: Worker 13612 has started at port 3000 {"timestamp":"2020-07-19T07:50:50.397Z"}
info: Worker 23524 has started at port 3000 {"timestamp":"2020-07-19T07:52:08.440Z"}
info: User Егор Захаров (5f13f2bbb00d6b25b899635a) just logged in {"timestamp":"2020-07-19T07:52:14.101Z"}
info: Worker 11816 has started at port 3000 {"timestamp":"2020-07-19T07:58:24.650Z"}
info: Worker 3712 has started at port 3000 {"timestamp":"2020-07-19T08:02:23.735Z"}
info: Worker 12420 has started at port 3000 {"timestamp":"2020-07-19T08:03:02.080Z"}
info: User Егор Захаров (5f13f2bbb00d6b25b899635a) just logged in {"timestamp":"2020-07-19T08:03:19.350Z"}
info: Worker 20232 has started at port 3000 {"timestamp":"2020-07-19T08:07:16.475Z"}
info: Worker 20460 has started at port 3000 {"timestamp":"2020-07-19T08:08:03.046Z"}
info: Worker 11392 has started at port 3000 {"timestamp":"2020-07-19T08:08:51.812Z"}
info: Worker 15000 has started at port 3000 {"timestamp":"2020-07-19T08:13:26.820Z"}
info: Worker 22204 has started at port 3000 {"timestamp":"2020-07-19T08:14:49.309Z"}
info: Worker 20496 has started at port 3000 {"timestamp":"2020-07-19T08:19:42.984Z"}
info: User Егор Захаров (5f13f2bbb00d6b25b899635a) just logged in {"timestamp":"2020-07-19T08:19:51.764Z"}
info: Worker 23192 has started at port 3000 {"timestamp":"2020-07-19T08:21:49.221Z"}
info: User is not registered {"timestamp":"2020-07-19T08:21:51.993Z"}
info: Worker 13356 has started at port 3000 {"timestamp":"2020-07-19T08:27:28.750Z"}
info: Worker 21964 has started at port 3000 {"timestamp":"2020-07-19T08:27:35.162Z"}
info: Worker 17816 has started at port 3000 {"timestamp":"2020-07-19T08:28:12.885Z"}
info: Worker 22972 has started at port 3000 {"timestamp":"2020-07-19T08:28:59.488Z"}
info: Worker 13948 has started at port 3000 {"timestamp":"2020-07-19T08:29:27.864Z"}
info: Worker 15008 has started at port 3000 {"timestamp":"2020-07-19T08:35:09.200Z"}
info: Worker 2508 has started at port 3000 {"timestamp":"2020-07-19T08:35:18.140Z"}
info: Worker 3268 has started at port 3000 {"timestamp":"2020-07-19T08:35:23.476Z"}
info: Worker 15892 has started at port 3000 {"timestamp":"2020-07-19T08:35:30.034Z"}
info: Worker 23028 has started at port 3000 {"timestamp":"2020-07-19T08:35:42.875Z"}
info: Worker 14424 has started at port 3000 {"timestamp":"2020-07-19T08:36:22.847Z"}
info: Worker 22388 has started at port 3000 {"timestamp":"2020-07-19T08:36:31.868Z"}
info: Worker 23116 has started at port 3000 {"timestamp":"2020-07-19T08:36:51.225Z"}
info: Worker 20308 has started at port 3000 {"timestamp":"2020-07-19T08:37:03.944Z"}
info: Worker 19428 has started at port 3000 {"timestamp":"2020-07-19T08:38:02.828Z"}
info: Worker 10872 has started at port 3000 {"timestamp":"2020-07-19T08:38:15.279Z"}
info: Worker 21756 has started at port 3000 {"timestamp":"2020-07-19T08:38:43.941Z"}
info: Worker 15008 has started at port 3000 {"timestamp":"2020-07-19T08:38:54.116Z"}
info: Worker 16664 has started at port 3000 {"timestamp":"2020-07-19T08:39:34.009Z"}
info: Worker 1776 has started at port 3000 {"timestamp":"2020-07-19T08:39:55.931Z"}
info: Worker 7596 has started at port 3000 {"timestamp":"2020-07-19T08:40:59.105Z"}
info: Worker 15668 has started at port 3000 {"timestamp":"2020-07-19T08:41:12.753Z"}
info: Worker 7260 has started at port 3000 {"timestamp":"2020-07-19T08:41:28.153Z"}
info: Worker 21844 has started at port 3000 {"timestamp":"2020-07-19T08:41:37.695Z"}
info: Worker 9860 has started at port 3000 {"timestamp":"2020-07-19T08:41:41.257Z"}
info: Worker 21316 has started at port 3000 {"timestamp":"2020-07-19T08:43:31.660Z"}
info: Worker 9668 has started at port 3000 {"timestamp":"2020-07-19T08:43:42.648Z"}
info: Worker 23364 has started at port 3000 {"timestamp":"2020-07-19T08:45:04.005Z"}
info: Worker 21176 has started at port 3000 {"timestamp":"2020-07-19T08:46:03.616Z"}
info: Worker 20276 has started at port 3000 {"timestamp":"2020-07-19T08:46:21.967Z"}
info: Worker 10568 has started at port 3000 {"timestamp":"2020-07-19T08:48:26.971Z"}
info: Worker 17376 has started at port 3000 {"timestamp":"2020-07-19T08:48:42.417Z"}
info: Worker 15764 has started at port 3000 {"timestamp":"2020-07-19T08:50:35.803Z"}
info: Worker 21060 has started at port 3000 {"timestamp":"2020-07-19T08:51:02.997Z"}
info: Worker 4872 has started at port 3000 {"timestamp":"2020-07-19T08:51:41.208Z"}
info: Worker 15756 has started at port 3000 {"timestamp":"2020-07-19T08:52:03.678Z"}
info: Worker 1408 has started at port 3000 {"timestamp":"2020-07-19T09:00:23.248Z"}
info: Worker 23180 has started at port 3000 {"timestamp":"2020-07-19T09:01:23.834Z"}
info: Worker 22540 has started at port 3000 {"timestamp":"2020-07-19T09:02:09.449Z"}
info: Worker 9948 has started at port 3000 {"timestamp":"2020-07-19T09:02:14.429Z"}
info: Worker 19796 has started at port 3000 {"timestamp":"2020-07-19T09:04:24.445Z"}
info: Worker 21644 has started at port 3000 {"timestamp":"2020-07-19T09:06:09.344Z"}
info: Worker 13472 has started at port 3000 {"timestamp":"2020-07-19T09:08:27.716Z"}
info: New user created: undefined, id: 5f140db131849434a0d80c9c {"timestamp":"2020-07-19T09:09:05.892Z"}
info: Worker 11140 has started at port 3000 {"timestamp":"2020-07-19T09:10:01.136Z"}
info: Worker 16520 has started at port 3000 {"timestamp":"2020-07-19T09:19:21.017Z"}
info: New user created: undefined, id: 5f1410692ece524088303f0b {"timestamp":"2020-07-19T09:20:41.149Z"}
info: Worker 22300 has started at port 3000 {"timestamp":"2020-07-19T09:22:45.314Z"}
info: Worker 11688 has started at port 3000 {"timestamp":"2020-07-19T09:23:08.184Z"}
info: Worker 17872 has started at port 3000 {"timestamp":"2020-07-19T09:23:47.884Z"}
info: New user created: Egor Zakharov, id: 5f1411343765ae45d05f47c4 {"timestamp":"2020-07-19T09:24:04.477Z"}
info: Worker 20748 has started at port 3000 {"timestamp":"2020-07-19T09:24:35.883Z"}
error: E11000 duplicate key error collection: shop_test.users index: email_1 dup key: { email: "egor.zakharov97@gmail.com" } {"driver":true,"name":"MongoError","index":0,"code":11000,"keyPattern":{"email":1},"keyValue":{"email":"egor.zakharov97@gmail.com"},"errmsg":"E11000 duplicate key error collection: shop_test.users index: email_1 dup key: { email: \"egor.zakharov97@gmail.com\" }","timestamp":"2020-07-19T09:24:45.789Z"}
info: New user created: Egor Zakharov, id: 5f141188217d0b510ccc29c8 {"timestamp":"2020-07-19T09:25:28.292Z"}
info: Worker 1764 has started at port 3000 {"timestamp":"2020-07-19T09:26:01.832Z"}
info: New user created: Egor Zakharov, id: 5f1411afc2da9d06e45d8b32 {"timestamp":"2020-07-19T09:26:07.391Z"}
error: Invalid login: 535-5.7.8 Username and Password not accepted. Learn more at
535 5.7.8  https://support.google.com/mail/?p=BadCredentials v10sm7092142ilj.40 - gsmtp {"code":"EAUTH","response":"535-5.7.8 Username and Password not accepted. Learn more at\n535 5.7.8  https://support.google.com/mail/?p=BadCredentials v10sm7092142ilj.40 - gsmtp","responseCode":535,"command":"AUTH PLAIN","timestamp":"2020-07-19T09:26:08.019Z"}
error: E11000 duplicate key error collection: shop_test.users index: email_1 dup key: { email: "egor.zakharov97@gmail.com" } {"driver":true,"name":"MongoError","index":0,"code":11000,"keyPattern":{"email":1},"keyValue":{"email":"egor.zakharov97@gmail.com"},"errmsg":"E11000 duplicate key error collection: shop_test.users index: email_1 dup key: { email: \"egor.zakharov97@gmail.com\" }","timestamp":"2020-07-19T09:26:36.091Z"}
info: New user created: Egor Zakharov, id: 5f1411dec2da9d06e45d8b34 {"timestamp":"2020-07-19T09:26:54.253Z"}
error: Invalid login: 535-5.7.8 Username and Password not accepted. Learn more at
535 5.7.8  https://support.google.com/mail/?p=BadCredentials b24sm7118445ioh.6 - gsmtp {"code":"EAUTH","response":"535-5.7.8 Username and Password not accepted. Learn more at\n535 5.7.8  https://support.google.com/mail/?p=BadCredentials b24sm7118445ioh.6 - gsmtp","responseCode":535,"command":"AUTH PLAIN","timestamp":"2020-07-19T09:26:54.738Z"}
info: New user created: Egor Zakharov, id: 5f141316c2da9d06e45d8b35 {"timestamp":"2020-07-19T09:32:06.139Z"}
info: Confirmation email was sent to egor.zakharov97@gmail.com {"timestamp":"2020-07-19T09:32:07.489Z"}
info: Worker 20456 has started at port 3000 {"timestamp":"2020-07-19T09:33:18.203Z"}
info: New user created: Egor Zakharov, id: 5f14137e625c474fe83d7af6 {"timestamp":"2020-07-19T09:33:50.809Z"}
info: Confirmation email was sent to egor.zakharov97@gmail.com {"timestamp":"2020-07-19T09:33:52.122Z"}
info: Worker 23036 has started at port 3000 {"timestamp":"2020-07-19T09:34:39.412Z"}
info: New user created: Egor Zakharov, id: 5f1413cdb4c86759fc5d5e03 {"timestamp":"2020-07-19T09:35:09.545Z"}
info: Confirmation email was sent to egor.zakharov97@gmail.com {"timestamp":"2020-07-19T09:35:10.930Z"}
info: Worker 1388 has started at port 3000 {"timestamp":"2020-07-19T09:37:13.164Z"}
info: Worker 12256 has started at port 3000 {"timestamp":"2020-07-19T09:37:57.963Z"}
info: Worker 3396 has started at port 3000 {"timestamp":"2020-07-19T09:40:58.904Z"}
info: Worker 15648 has started at port 3000 {"timestamp":"2020-07-19T09:50:07.045Z"}
info: Worker 21104 has started at port 3000 {"timestamp":"2020-07-19T09:50:29.107Z"}
info: Worker 17888 has started at port 3000 {"timestamp":"2020-07-19T09:52:52.135Z"}
info: Worker 10428 has started at port 3000 {"timestamp":"2020-07-19T09:57:07.215Z"}
info: New user created: Egor Zakharov, id: 5f1419156ab58a28bcddebf9 {"timestamp":"2020-07-19T09:57:41.540Z"}
info: Confirmation email was sent to egor.zakharov97@gmail.com {"timestamp":"2020-07-19T09:57:43.157Z"}
info: Worker 7708 has started at port 3000 {"timestamp":"2020-07-19T10:00:35.195Z"}
info: Worker 7468 has started at port 3000 {"timestamp":"2020-07-19T10:00:52.958Z"}
info: Worker 7512 has started at port 3000 {"timestamp":"2020-07-19T10:02:00.118Z"}
info: Worker 19528 has started at port 3000 {"timestamp":"2020-07-19T10:02:15.333Z"}
info: Worker 14100 has started at port 3000 {"timestamp":"2020-07-19T10:02:56.231Z"}
info: Worker 15464 has started at port 3000 {"timestamp":"2020-07-19T10:04:38.492Z"}
info: Worker 22868 has started at port 3000 {"timestamp":"2020-07-19T10:07:39.119Z"}
info: Worker 21856 has started at port 3000 {"timestamp":"2020-07-19T10:10:11.846Z"}
info: User logged in: undefined, id: 5f1419156ab58a28bcddebf9 {"timestamp":"2020-07-19T10:10:28.465Z"}
info: Worker 8876 has started at port 3000 {"timestamp":"2020-07-19T10:12:30.554Z"}
info: User logged in: Egor Zakharov, id: 5f1419156ab58a28bcddebf9 {"timestamp":"2020-07-19T10:13:01.432Z"}
info: Worker 16644 has started at port 3000 {"timestamp":"2020-07-19T10:14:11.343Z"}
info: New user created: undefined, id: 5f141cf9a2ad434104bc074e {"timestamp":"2020-07-19T10:14:17.614Z"}
info: Worker 16608 has started at port 3000 {"timestamp":"2020-07-19T10:15:18.209Z"}
info: New user created: undefined, id: 5f141d4692454140e0b0323a {"timestamp":"2020-07-19T10:15:34.853Z"}
info: Worker 18140 has started at port 3000 {"timestamp":"2020-07-19T10:17:54.099Z"}
info: Worker 21616 has started at port 3000 {"timestamp":"2020-07-19T10:18:51.421Z"}
info: New user created: Егор Захаров, id: 5f141e31f9dfdc54706bed1a {"timestamp":"2020-07-19T10:19:29.111Z"}
info: Worker 22180 has started at port 3000 {"timestamp":"2020-07-19T10:20:18.628Z"}
info: New user created: Егор Захаров, id: 5f141e86143a5f56a45db556 {"timestamp":"2020-07-19T10:20:54.828Z"}
info: Worker 16592 has started at port 3000 {"timestamp":"2020-07-19T10:24:12.578Z"}
info: Worker 23192 has started at port 3000 {"timestamp":"2020-07-19T10:28:16.624Z"}
info: Worker 12376 has started at port 3000 {"timestamp":"2020-07-19T10:29:49.958Z"}
info: Worker 7504 has started at port 3000 {"timestamp":"2020-07-19T10:33:58.631Z"}
info: Worker 19716 has started at port 3000 {"timestamp":"2020-07-19T10:38:32.034Z"}
info: Worker 15712 has started at port 3000 {"timestamp":"2020-07-19T10:39:21.906Z"}
info: Worker 22100 has started at port 3000 {"timestamp":"2020-07-19T10:47:36.795Z"}
info: New user created: Егор Захаров, id: 5f1424ed20c9a45654f9bd98 {"timestamp":"2020-07-19T10:48:13.943Z"}
info: Worker 17432 has started at port 3000 {"timestamp":"2020-07-19T10:48:38.683Z"}
info: New user created: Егор Захаров, id: 5f14251286dd72441859a228 {"timestamp":"2020-07-19T10:48:51.006Z"}
info: Worker 23376 has started at port 3000 {"timestamp":"2020-07-19T10:49:29.857Z"}
info: User Егор Захаров (5f14251286dd72441859a228) just logged in {"timestamp":"2020-07-19T10:49:36.535Z"}
info: Worker 12580 has started at port 3000 {"timestamp":"2020-07-19T10:50:02.893Z"}
info: User Егор Захаров (5f14251286dd72441859a228) just logged in {"timestamp":"2020-07-19T10:50:09.909Z"}
info: Worker 22472 has started at port 3000 {"timestamp":"2020-07-19T10:52:49.388Z"}
info: Worker 8464 has started at port 3000 {"timestamp":"2020-07-19T10:53:28.746Z"}
info: User Егор Захаров (5f14251286dd72441859a228) just logged in {"timestamp":"2020-07-19T10:53:36.537Z"}
info: Worker 1940 has started at port 3000 {"timestamp":"2020-07-19T10:55:23.307Z"}
info: User is not registered {"timestamp":"2020-07-19T10:55:48.706Z"}
info: User Егор Захаров (5f14251286dd72441859a228) just logged in {"timestamp":"2020-07-19T10:55:51.686Z"}
info: Worker 9068 has started at port 3000 {"timestamp":"2020-07-19T10:57:03.899Z"}
info: User Егор Захаров (5f14251286dd72441859a228) just logged in {"timestamp":"2020-07-19T10:57:06.992Z"}
info: Worker 21176 has started at port 3000 {"timestamp":"2020-07-19T10:59:14.277Z"}
info: User Егор Захаров (5f14251286dd72441859a228) just logged in {"timestamp":"2020-07-19T10:59:19.147Z"}
info: Worker 15160 has started at port 3000 {"timestamp":"2020-07-19T10:59:59.265Z"}
info: User Егор Захаров (5f14251286dd72441859a228) just logged in {"timestamp":"2020-07-19T11:00:02.535Z"}
info: Worker 4212 has started at port 3000 {"timestamp":"2020-07-19T11:00:24.646Z"}
info: Worker 18800 has started at port 3000 {"timestamp":"2020-07-19T11:03:13.183Z"}
info: User Егор Захаров (5f14251286dd72441859a228) just logged in {"timestamp":"2020-07-19T11:03:17.267Z"}
info: Worker 14376 has started at port 3000 {"timestamp":"2020-07-19T11:04:59.230Z"}
info: User Егор Захаров (5f14251286dd72441859a228) just logged in {"timestamp":"2020-07-19T11:05:02.438Z"}
info: Worker 22608 has started at port 3000 {"timestamp":"2020-07-19T11:08:48.983Z"}
info: User Егор Захаров (5f14251286dd72441859a228) just logged in {"timestamp":"2020-07-19T11:08:55.864Z"}
info: Worker 22856 has started at port 3000 {"timestamp":"2020-07-19T11:09:40.898Z"}
info: User Егор Захаров (5f14251286dd72441859a228) just logged in {"timestamp":"2020-07-19T11:09:46.214Z"}
info: New user created: Егор Захаров, id: 5f142a1007b61a59482a8a4b {"timestamp":"2020-07-19T11:10:08.420Z"}
info: Worker 7512 has started at port 3000 {"timestamp":"2020-07-19T11:10:26.872Z"}
info: User Егор Захаров (5f142a1007b61a59482a8a4b) just logged in {"timestamp":"2020-07-19T11:10:33.895Z"}
info: Worker 8456 has started at port 3000 {"timestamp":"2020-07-19T11:11:33.657Z"}
info: User Егор Захаров (5f142a1007b61a59482a8a4b) just logged in {"timestamp":"2020-07-19T11:11:40.540Z"}
info: User is not registered {"timestamp":"2020-07-19T11:11:52.518Z"}
info: User is not registered {"timestamp":"2020-07-19T11:11:53.823Z"}
info: New user created: Egor Zakharov, id: 5f142a8d892e0b21085cb39a {"timestamp":"2020-07-19T11:12:13.326Z"}
info: Confirmation email was sent to egor.zakharov97@gmail.com {"timestamp":"2020-07-19T11:12:15.229Z"}
info: User logged in: Egor Zakharov, id: 5f142a8d892e0b21085cb39a {"timestamp":"2020-07-19T11:13:10.115Z"}
info: Password reset email was sent to egor.zakharov97@gmail.com {"timestamp":"2020-07-19T11:13:34.814Z"}
info: Worker 2320 has started at port 3000 {"timestamp":"2020-07-19T11:14:56.798Z"}
info: Password reset email was sent to egor.zakharov97@gmail.com {"timestamp":"2020-07-19T11:15:03.864Z"}
info: Worker 2508 has started at port 3000 {"timestamp":"2020-07-19T11:16:26.004Z"}
info: Worker 18044 has started at port 3000 {"timestamp":"2020-07-19T11:18:02.854Z"}
info: Password reset email was sent to egor.zakharov97@gmail.com {"timestamp":"2020-07-19T11:18:18.023Z"}
info: Egor Zakharov has enterred the wrong password {"timestamp":"2020-07-19T11:22:12.336Z"}
info: Egor Zakharov has enterred the wrong password {"timestamp":"2020-07-19T11:22:16.212Z"}
info: Password reset email was sent to egor.zakharov97@gmail.com {"timestamp":"2020-07-19T11:22:21.832Z"}
info: Egor Zakharov has enterred the wrong password {"timestamp":"2020-07-19T11:22:57.592Z"}
info: Worker 18548 has started at port 3000 {"timestamp":"2020-07-19T11:32:00.965Z"}
info: Worker 12396 has started at port 3000 {"timestamp":"2020-07-19T11:34:08.704Z"}
info: Worker 1952 has started at port 3000 {"timestamp":"2020-07-19T11:34:59.830Z"}
info: Worker 14908 has started at port 3000 {"timestamp":"2020-07-19T11:35:29.190Z"}
info: Worker 16300 has started at port 3000 {"timestamp":"2020-07-19T11:37:13.913Z"}
info: Worker 18448 has started at port 3000 {"timestamp":"2020-07-19T11:37:33.989Z"}
info: Worker 14424 has started at port 3000 {"timestamp":"2020-07-19T11:41:20.372Z"}
warn: !!!someone is trying to reset a password with an invalid Link!!! {"timestamp":"2020-07-19T11:41:20.484Z"}
info: Password reset email was sent to egor.zakharov97@gmail.com {"timestamp":"2020-07-19T11:41:35.905Z"}
info: User undefined (5f142a8d892e0b21085cb39a) has successfully changed his password {"timestamp":"2020-07-19T11:41:52.453Z"}
info: User logged in: Egor Zakharov, id: 5f142a8d892e0b21085cb39a {"timestamp":"2020-07-19T11:41:58.249Z"}
info: User Егор Захаров (5f142a1007b61a59482a8a4b) just logged in {"timestamp":"2020-07-19T11:42:11.640Z"}
info: Password reset email was sent to skymailsenter@gmail.com {"timestamp":"2020-07-19T11:42:24.235Z"}
info: User undefined (5f142a1007b61a59482a8a4b) has successfully changed his password {"timestamp":"2020-07-19T11:42:45.094Z"}
info: User logged in: Егор Захаров, id: 5f142a1007b61a59482a8a4b {"timestamp":"2020-07-19T11:42:52.067Z"}
info: User Егор Захаров (5f142a1007b61a59482a8a4b) just logged in {"timestamp":"2020-07-19T11:43:25.911Z"}
